<?xml version="1.0" encoding="UTF-8"?>
<!-- Generated by org.testng.reporters.JUnitXMLReporter -->
<testsuite hostname="Rithvik" name="Default test" tests="1" failures="1" timestamp="2 Jun 2020 11:41:48 GMT" time="15.806" errors="0">
  <testcase name="loginWithBothcorrect" time="15.493" classname="loginWithDataProviderAnnotation.LoginWithCorrectUsername">
    <failure type="org.openqa.selenium.SessionNotCreatedException" message="session not created
from disconnected: received Inspector.detached event
  (Session info: chrome=83.0.4103.61)
Build info: version: &amp;apos;3.141.59&amp;apos;, revision: &amp;apos;e82be7d358&amp;apos;, time: &amp;apos;2018-11-14T08:25:53&amp;apos;
System info: host: &amp;apos;RITHVIK&amp;apos;, ip: &amp;apos;192.168.1.10&amp;apos;, os.name: &amp;apos;Windows 10&amp;apos;, os.arch: &amp;apos;amd64&amp;apos;, os.version: &amp;apos;10.0&amp;apos;, java.version: &amp;apos;1.8.0_211&amp;apos;
Driver info: driver.version: ChromeDriver
remote stacktrace: Backtrace:
	Ordinal0 [0x01599563+2725219]
	Ordinal0 [0x01498551+1672529]
	Ordinal0 [0x01380359+525145]
	Ordinal0 [0x01378579+492921]
	Ordinal0 [0x0137818C+491916]
	Ordinal0 [0x01377AB8+490168]
	Ordinal0 [0x01376EFE+487166]
	Ordinal0 [0x01377225+487973]
	Ordinal0 [0x013859CB+547275]
	Ordinal0 [0x01381D2A+531754]
	Ordinal0 [0x0138195E+530782]
	Ordinal0 [0x01381F8F+532367]
	Ordinal0 [0x01382190+532880]
	Ordinal0 [0x0132D79F+186271]
	Ordinal0 [0x0132CA3D+182845]
	Ordinal0 [0x0132A94B+174411]
	Ordinal0 [0x01312528+75048]
	Ordinal0 [0x013135A0+79264]
	Ordinal0 [0x01313539+79161]
	Ordinal0 [0x014AD607+1758727]
	GetHandleVerifier [0x016B6546+1050150]
	GetHandleVerifier [0x016B6291+1049457]
	GetHandleVerifier [0x016C10D7+1094071]
	GetHandleVerifier [0x016B6B46+1051686]
	Ordinal0 [0x014A5B06+1727238]
	Ordinal0 [0x014AEB7B+1764219]
	Ordinal0 [0x014AECE3+1764579]
	Ordinal0 [0x014C4C05+1854469]
	BaseThreadInitThunk [0x77D83744+36]
	RtlSetCurrentTransaction [0x77EDA064+212]
	RtlSetCurrentTransaction [0x77EDA02F+159]
">
      <![CDATA[org.openqa.selenium.SessionNotCreatedException: session not created
from disconnected: received Inspector.detached event
  (Session info: chrome=83.0.4103.61)
Build info: version: '3.141.59', revision: 'e82be7d358', time: '2018-11-14T08:25:53'
System info: host: 'RITHVIK', ip: '192.168.1.10', os.name: 'Windows 10', os.arch: 'amd64', os.version: '10.0', java.version: '1.8.0_211'
Driver info: driver.version: ChromeDriver
remote stacktrace: Backtrace:
	Ordinal0 [0x01599563+2725219]
	Ordinal0 [0x01498551+1672529]
	Ordinal0 [0x01380359+525145]
	Ordinal0 [0x01378579+492921]
	Ordinal0 [0x0137818C+491916]
	Ordinal0 [0x01377AB8+490168]
	Ordinal0 [0x01376EFE+487166]
	Ordinal0 [0x01377225+487973]
	Ordinal0 [0x013859CB+547275]
	Ordinal0 [0x01381D2A+531754]
	Ordinal0 [0x0138195E+530782]
	Ordinal0 [0x01381F8F+532367]
	Ordinal0 [0x01382190+532880]
	Ordinal0 [0x0132D79F+186271]
	Ordinal0 [0x0132CA3D+182845]
	Ordinal0 [0x0132A94B+174411]
	Ordinal0 [0x01312528+75048]
	Ordinal0 [0x013135A0+79264]
	Ordinal0 [0x01313539+79161]
	Ordinal0 [0x014AD607+1758727]
	GetHandleVerifier [0x016B6546+1050150]
	GetHandleVerifier [0x016B6291+1049457]
	GetHandleVerifier [0x016C10D7+1094071]
	GetHandleVerifier [0x016B6B46+1051686]
	Ordinal0 [0x014A5B06+1727238]
	Ordinal0 [0x014AEB7B+1764219]
	Ordinal0 [0x014AECE3+1764579]
	Ordinal0 [0x014C4C05+1854469]
	BaseThreadInitThunk [0x77D83744+36]
	RtlSetCurrentTransaction [0x77EDA064+212]
	RtlSetCurrentTransaction [0x77EDA02F+159]

	at sun.reflect.NativeConstructorAccessorImpl.newInstance0(Native Method)
	at sun.reflect.NativeConstructorAccessorImpl.newInstance(NativeConstructorAccessorImpl.java:62)
	at sun.reflect.DelegatingConstructorAccessorImpl.newInstance(DelegatingConstructorAccessorImpl.java:45)
	at java.lang.reflect.Constructor.newInstance(Constructor.java:423)
	at org.openqa.selenium.remote.W3CHandshakeResponse.lambda$errorHandler$0(W3CHandshakeResponse.java:62)
	at org.openqa.selenium.remote.HandshakeResponse.lambda$getResponseFunction$0(HandshakeResponse.java:30)
	at org.openqa.selenium.remote.ProtocolHandshake.lambda$createSession$0(ProtocolHandshake.java:126)
	at java.util.stream.ReferencePipeline$3$1.accept(ReferencePipeline.java:193)
	at java.util.Spliterators$ArraySpliterator.tryAdvance(Spliterators.java:958)
	at java.util.stream.ReferencePipeline.forEachWithCancel(ReferencePipeline.java:126)
	at java.util.stream.AbstractPipeline.copyIntoWithCancel(AbstractPipeline.java:498)
	at java.util.stream.AbstractPipeline.copyInto(AbstractPipeline.java:485)
	at java.util.stream.AbstractPipeline.wrapAndCopyInto(AbstractPipeline.java:471)
	at java.util.stream.FindOps$FindOp.evaluateSequential(FindOps.java:152)
	at java.util.stream.AbstractPipeline.evaluate(AbstractPipeline.java:234)
	at java.util.stream.ReferencePipeline.findFirst(ReferencePipeline.java:464)
	at org.openqa.selenium.remote.ProtocolHandshake.createSession(ProtocolHandshake.java:128)
	at org.openqa.selenium.remote.ProtocolHandshake.createSession(ProtocolHandshake.java:74)
	at org.openqa.selenium.remote.HttpCommandExecutor.execute(HttpCommandExecutor.java:136)
	at org.openqa.selenium.remote.service.DriverCommandExecutor.execute(DriverCommandExecutor.java:83)
	at org.openqa.selenium.remote.RemoteWebDriver.execute(RemoteWebDriver.java:552)
	at org.openqa.selenium.remote.RemoteWebDriver.startSession(RemoteWebDriver.java:213)
	at org.openqa.selenium.remote.RemoteWebDriver.<init>(RemoteWebDriver.java:131)
	at org.openqa.selenium.chrome.ChromeDriver.<init>(ChromeDriver.java:181)
	at org.openqa.selenium.chrome.ChromeDriver.<init>(ChromeDriver.java:168)
	at org.openqa.selenium.chrome.ChromeDriver.<init>(ChromeDriver.java:123)
	at loginWithDataProviderAnnotation.LoginWithCorrectUsername.loginWithBothcorrect(LoginWithCorrectUsername.java:17)
	at sun.reflect.NativeMethodAccessorImpl.invoke0(Native Method)
	at sun.reflect.NativeMethodAccessorImpl.invoke(NativeMethodAccessorImpl.java:62)
	at sun.reflect.DelegatingMethodAccessorImpl.invoke(DelegatingMethodAccessorImpl.java:43)
	at java.lang.reflect.Method.invoke(Method.java:498)
	at org.testng.internal.MethodInvocationHelper.invokeMethod(MethodInvocationHelper.java:86)
	at org.testng.internal.Invoker.invokeMethod(Invoker.java:645)
	at org.testng.internal.Invoker.invokeTestMethod(Invoker.java:822)
	at org.testng.internal.Invoker.invokeTestMethods(Invoker.java:1130)
	at org.testng.internal.TestMethodWorker.invokeTestMethods(TestMethodWorker.java:129)
	at org.testng.internal.TestMethodWorker.run(TestMethodWorker.java:112)
	at org.testng.TestRunner.privateRun(TestRunner.java:782)
	at org.testng.TestRunner.run(TestRunner.java:632)
	at org.testng.SuiteRunner.runTest(SuiteRunner.java:366)
	at org.testng.SuiteRunner.runSequentially(SuiteRunner.java:361)
	at org.testng.SuiteRunner.privateRun(SuiteRunner.java:319)
	at org.testng.SuiteRunner.run(SuiteRunner.java:268)
	at org.testng.SuiteRunnerWorker.runSuite(SuiteRunnerWorker.java:52)
	at org.testng.SuiteRunnerWorker.run(SuiteRunnerWorker.java:86)
	at org.testng.TestNG.runSuitesSequentially(TestNG.java:1244)
	at org.testng.TestNG.runSuitesLocally(TestNG.java:1169)
	at org.testng.TestNG.run(TestNG.java:1064)
	at org.testng.remote.RemoteTestNG.run(RemoteTestNG.java:113)
	at org.testng.remote.RemoteTestNG.initAndRun(RemoteTestNG.java:206)
	at org.testng.remote.RemoteTestNG.main(RemoteTestNG.java:177)
]]>
    </failure>
  </testcase> <!-- loginWithBothcorrect -->
</testsuite> <!-- Default test -->
